{"D:\\GitHub\\Automation_Project\\frontend\\src\\lib\\data.ts": {"path":"D:\\GitHub\\Automation_Project\\frontend\\src\\lib\\data.ts","statementMap":{"0":{"start":{"line":18,"column":39},"end":{"line":54,"column":null}},"1":{"start":{"line":57,"column":54},"end":{"line":81,"column":null}},"2":{"start":{"line":86,"column":37},"end":{"line":89,"column":null}},"3":{"start":{"line":87,"column":2},"end":{"line":87,"column":null}},"4":{"start":{"line":87,"column":39},"end":{"line":87,"column":null}},"5":{"start":{"line":88,"column":2},"end":{"line":88,"column":null}},"6":{"start":{"line":94,"column":31},"end":{"line":97,"column":null}},"7":{"start":{"line":95,"column":2},"end":{"line":95,"column":null}},"8":{"start":{"line":95,"column":64},"end":{"line":95,"column":null}},"9":{"start":{"line":96,"column":2},"end":{"line":96,"column":null}},"10":{"start":{"line":103,"column":34},"end":{"line":117,"column":null}},"11":{"start":{"line":104,"column":2},"end":{"line":104,"column":null}},"12":{"start":{"line":104,"column":17},"end":{"line":104,"column":null}},"13":{"start":{"line":106,"column":17},"end":{"line":106,"column":41}},"14":{"start":{"line":107,"column":2},"end":{"line":107,"column":null}},"15":{"start":{"line":107,"column":14},"end":{"line":107,"column":null}},"16":{"start":{"line":110,"column":2},"end":{"line":116,"column":null}},"17":{"start":{"line":111,"column":4},"end":{"line":112,"column":null}},"18":{"start":{"line":112,"column":6},"end":{"line":112,"column":null}},"19":{"start":{"line":115,"column":4},"end":{"line":115,"column":null}},"20":{"start":{"line":122,"column":29},"end":{"line":124,"column":null}},"21":{"start":{"line":123,"column":2},"end":{"line":123,"column":null}}},"fnMap":{"0":{"name":"(anonymous_0)","decl":{"start":{"line":86,"column":37},"end":{"line":86,"column":38}},"loc":{"start":{"line":86,"column":38},"end":{"line":89,"column":null}},"line":86},"1":{"name":"(anonymous_1)","decl":{"start":{"line":94,"column":31},"end":{"line":94,"column":32}},"loc":{"start":{"line":94,"column":48},"end":{"line":97,"column":null}},"line":94},"2":{"name":"(anonymous_2)","decl":{"start":{"line":103,"column":34},"end":{"line":103,"column":35}},"loc":{"start":{"line":103,"column":35},"end":{"line":117,"column":null}},"line":103},"3":{"name":"(anonymous_3)","decl":{"start":{"line":111,"column":82},"end":{"line":111,"column":83}},"loc":{"start":{"line":112,"column":6},"end":{"line":112,"column":null}},"line":112},"4":{"name":"(anonymous_4)","decl":{"start":{"line":122,"column":29},"end":{"line":122,"column":30}},"loc":{"start":{"line":122,"column":30},"end":{"line":124,"column":null}},"line":122}},"branchMap":{"0":{"loc":{"start":{"line":87,"column":2},"end":{"line":87,"column":null}},"type":"if","locations":[{"start":{"line":87,"column":2},"end":{"line":87,"column":null}},{"start":{},"end":{}}],"line":87},"1":{"loc":{"start":{"line":87,"column":6},"end":{"line":87,"column":37}},"type":"binary-expr","locations":[{"start":{"line":87,"column":6},"end":{"line":87,"column":17}},{"start":{"line":87,"column":17},"end":{"line":87,"column":37}}],"line":87},"2":{"loc":{"start":{"line":95,"column":2},"end":{"line":95,"column":null}},"type":"if","locations":[{"start":{"line":95,"column":2},"end":{"line":95,"column":null}},{"start":{},"end":{}}],"line":95},"3":{"loc":{"start":{"line":95,"column":6},"end":{"line":95,"column":62}},"type":"binary-expr","locations":[{"start":{"line":95,"column":6},"end":{"line":95,"column":17}},{"start":{"line":95,"column":17},"end":{"line":95,"column":30}},{"start":{"line":95,"column":30},"end":{"line":95,"column":62}}],"line":95},"4":{"loc":{"start":{"line":104,"column":2},"end":{"line":104,"column":null}},"type":"if","locations":[{"start":{"line":104,"column":2},"end":{"line":104,"column":null}},{"start":{},"end":{}}],"line":104},"5":{"loc":{"start":{"line":107,"column":2},"end":{"line":107,"column":null}},"type":"if","locations":[{"start":{"line":107,"column":2},"end":{"line":107,"column":null}},{"start":{},"end":{}}],"line":107}},"s":{"0":1,"1":1,"2":1,"3":6,"4":2,"5":4,"6":1,"7":10,"8":0,"9":10,"10":1,"11":25,"12":0,"13":25,"14":25,"15":24,"16":1,"17":1,"18":6,"19":0,"20":1,"21":2},"f":{"0":6,"1":10,"2":25,"3":6,"4":2},"b":{"0":[2,4],"1":[6,5],"2":[0,10],"3":[10,10,10],"4":[0,25],"5":[24,1]},"meta":{"lastBranch":6,"lastFunction":5,"lastStatement":22,"seen":{"s:18:39:54:Infinity":0,"s:57:54:81:Infinity":1,"s:86:37:89:Infinity":2,"f:86:37:86:38":0,"b:87:2:87:Infinity:undefined:undefined:undefined:undefined":0,"s:87:2:87:Infinity":3,"b:87:6:87:17:87:17:87:37":1,"s:87:39:87:Infinity":4,"s:88:2:88:Infinity":5,"s:94:31:97:Infinity":6,"f:94:31:94:32":1,"b:95:2:95:Infinity:undefined:undefined:undefined:undefined":2,"s:95:2:95:Infinity":7,"b:95:6:95:17:95:17:95:30:95:30:95:62":3,"s:95:64:95:Infinity":8,"s:96:2:96:Infinity":9,"s:103:34:117:Infinity":10,"f:103:34:103:35":2,"b:104:2:104:Infinity:undefined:undefined:undefined:undefined":4,"s:104:2:104:Infinity":11,"s:104:17:104:Infinity":12,"s:106:17:106:41":13,"b:107:2:107:Infinity:undefined:undefined:undefined:undefined":5,"s:107:2:107:Infinity":14,"s:107:14:107:Infinity":15,"s:110:2:116:Infinity":16,"s:111:4:112:Infinity":17,"f:111:82:111:83":3,"s:112:6:112:Infinity":18,"s:115:4:115:Infinity":19,"s:122:29:124:Infinity":20,"f:122:29:122:30":4,"s:123:2:123:Infinity":21}}}
}
